<?xml version="1.0" encoding="UTF-8" ?>
<testsuite tests="299" failures="3" name="TestSuite" time="26.677" errors="0" skipped="0">
  <properties>
    <property name="java.runtime.name" value="OpenJDK Runtime Environment"/>
    <property name="java.vm.version" value="11.0.12+7-LTS"/>
    <property name="sun.boot.library.path" value="/Users/pikjian/Library/Java/JavaVirtualMachines/corretto-11.0.12/Contents/Home/lib"/>
    <property name="gopherProxySet" value="false"/>
    <property name="maven.multiModuleProjectDirectory" value="/Users/pikjian/IdeaProjects/BybitRESTTest"/>
    <property name="java.vm.vendor" value="Amazon.com Inc."/>
    <property name="java.vendor.url" value="https://aws.amazon.com/corretto/"/>
    <property name="guice.disable.misplaced.annotation.check" value="true"/>
    <property name="path.separator" value=":"/>
    <property name="java.vm.name" value="OpenJDK 64-Bit Server VM"/>
    <property name="sun.os.patch.level" value="unknown"/>
    <property name="user.country" value="SG"/>
    <property name="sun.java.launcher" value="SUN_STANDARD"/>
    <property name="java.vm.specification.name" value="Java Virtual Machine Specification"/>
    <property name="user.dir" value="/Users/pikjian/IdeaProjects/BybitRESTTest"/>
    <property name="java.vm.compressedOopsMode" value="Zero based"/>
    <property name="java.runtime.version" value="11.0.12+7-LTS"/>
    <property name="java.awt.graphicsenv" value="sun.awt.CGraphicsEnvironment"/>
    <property name="os.arch" value="x86_64"/>
    <property name="java.io.tmpdir" value="/var/folders/2z/tdnqqt6d4qv0vkt4kf9p33z00000gn/T/"/>
    <property name="line.separator" value="
"/>
    <property name="java.vm.specification.vendor" value="Oracle Corporation"/>
    <property name="os.name" value="Mac OS X"/>
    <property name="classworlds.conf" value="/opt/homebrew/Cellar/maven/3.8.4/libexec/bin/m2.conf"/>
    <property name="sun.jnu.encoding" value="UTF-8"/>
    <property name="java.library.path" value="/Users/pikjian/Library/Java/Extensions:/Library/Java/Extensions:/Network/Library/Java/Extensions:/System/Library/Java/Extensions:/usr/lib/java:."/>
    <property name="maven.conf" value="/opt/homebrew/Cellar/maven/3.8.4/libexec/conf"/>
    <property name="jdk.debug" value="release"/>
    <property name="java.class.version" value="55.0"/>
    <property name="java.specification.name" value="Java Platform API Specification"/>
    <property name="sun.management.compiler" value="HotSpot 64-Bit Tiered Compilers"/>
    <property name="os.version" value="11.6"/>
    <property name="library.jansi.path" value="/opt/homebrew/Cellar/maven/3.8.4/libexec/lib/jansi-native"/>
    <property name="http.nonProxyHosts" value="local|*.local|169.254/16|*.169.254/16"/>
    <property name="user.home" value="/Users/pikjian"/>
    <property name="user.timezone" value="Asia/Singapore"/>
    <property name="java.awt.printerjob" value="sun.lwawt.macosx.CPrinterJob"/>
    <property name="file.encoding" value="UTF-8"/>
    <property name="java.specification.version" value="11"/>
    <property name="user.name" value="pikjian"/>
    <property name="java.class.path" value="/opt/homebrew/Cellar/maven/3.8.4/libexec/boot/plexus-classworlds-2.6.0.jar"/>
    <property name="java.vm.specification.version" value="11"/>
    <property name="sun.arch.data.model" value="64"/>
    <property name="sun.java.command" value="org.codehaus.plexus.classworlds.launcher.Launcher clean install"/>
    <property name="java.home" value="/Users/pikjian/Library/Java/JavaVirtualMachines/corretto-11.0.12/Contents/Home"/>
    <property name="user.language" value="en"/>
    <property name="java.specification.vendor" value="Oracle Corporation"/>
    <property name="awt.toolkit" value="sun.lwawt.macosx.LWCToolkit"/>
    <property name="java.vm.info" value="mixed mode"/>
    <property name="java.version" value="11.0.12"/>
    <property name="java.vendor" value="Amazon.com Inc."/>
    <property name="maven.home" value="/opt/homebrew/Cellar/maven/3.8.4/libexec"/>
    <property name="file.separator" value="/"/>
    <property name="java.version.date" value="2021-07-20"/>
    <property name="java.vendor.url.bug" value="https://github.com/corretto/corretto-11/issues/"/>
    <property name="sun.io.unicode.encoding" value="UnicodeBig"/>
    <property name="sun.cpu.endian" value="little"/>
    <property name="java.vendor.version" value="Corretto-11.0.12.7.2"/>
    <property name="socksNonProxyHosts" value="local|*.local|169.254/16|*.169.254/16"/>
    <property name="ftp.nonProxyHosts" value="local|*.local|169.254/16|*.169.254/16"/>
    <property name="sun.cpu.isalist" value=""/>
  </properties>
  <testcase classname="testcase.usdtPerpetual.marketData.PublicTradingRecords" name="testPublicTradingRecords" time="4.465"/>
  <testcase classname="testcase.usdtPerpetual.marketData.PublicTradingRecords" name="testPublicTradingRecords" time="0.155"/>
  <testcase classname="testcase.usdtPerpetual.marketData.PublicTradingRecords" name="testPublicTradingRecords" time="0.118"/>
  <testcase classname="testcase.usdtPerpetual.marketData.PublicTradingRecords" name="testPublicTradingRecords" time="0.15"/>
  <testcase classname="testcase.usdtPerpetual.marketData.PublicTradingRecords" name="testPublicTradingRecords" time="0.105"/>
  <testcase classname="testcase.usdtPerpetual.marketData.PublicTradingRecords" name="testRequestLog" time="0.171"/>
  <testcase classname="testcase.usdtPerpetual.marketData.PublicTradingRecords" name="testRequestLog" time="0.072"/>
  <testcase classname="testcase.usdtPerpetual.marketData.PublicTradingRecords" name="testRequestLog" time="0.074"/>
  <testcase classname="testcase.usdtPerpetual.marketData.PublicTradingRecords" name="testRequestLog" time="0.066"/>
  <testcase classname="testcase.usdtPerpetual.marketData.PublicTradingRecords" name="testRequestLog" time="0.069"/>
  <testcase classname="testcase.usdtPerpetual.marketData.PublicTradingRecords" name="testRequestTime" time="0.188"/>
  <testcase classname="testcase.usdtPerpetual.marketData.PublicTradingRecords" name="testRequestTime" time="0.088"/>
  <testcase classname="testcase.usdtPerpetual.marketData.PublicTradingRecords" name="testRequestTime" time="0.076"/>
  <testcase classname="testcase.usdtPerpetual.marketData.PublicTradingRecords" name="testRequestTime" time="0.131"/>
  <testcase classname="testcase.usdtPerpetual.marketData.PublicTradingRecords" name="testRequestTime" time="0.084"/>
  <testcase classname="testcase.usdtPerpetual.marketData.GetTheLastFundingRate" name="testGetTheLastFundingRate" time="0.178"/>
  <testcase classname="testcase.usdtPerpetual.marketData.GetTheLastFundingRate" name="testGetTheLastFundingRate" time="0.093"/>
  <testcase classname="testcase.usdtPerpetual.marketData.GetTheLastFundingRate" name="testGetTheLastFundingRate" time="0.099"/>
  <testcase classname="testcase.usdtPerpetual.marketData.GetTheLastFundingRate" name="testGetTheLastFundingRate" time="0.092"/>
  <testcase classname="testcase.usdtPerpetual.marketData.GetTheLastFundingRate" name="testGetTheLastFundingRate" time="0.083"/>
  <testcase classname="testcase.usdtPerpetual.marketData.GetTheLastFundingRate" name="testRequestLog" time="0.074"/>
  <testcase classname="testcase.usdtPerpetual.marketData.GetTheLastFundingRate" name="testRequestLog" time="0.07"/>
  <testcase classname="testcase.usdtPerpetual.marketData.GetTheLastFundingRate" name="testRequestLog" time="0.078"/>
  <testcase classname="testcase.usdtPerpetual.marketData.GetTheLastFundingRate" name="testRequestLog" time="0.077"/>
  <testcase classname="testcase.usdtPerpetual.marketData.GetTheLastFundingRate" name="testRequestLog" time="0.071"/>
  <testcase classname="testcase.usdtPerpetual.marketData.GetTheLastFundingRate" name="testRequestTime" time="0.075"/>
  <testcase classname="testcase.usdtPerpetual.marketData.GetTheLastFundingRate" name="testRequestTime" time="0.076"/>
  <testcase classname="testcase.usdtPerpetual.marketData.GetTheLastFundingRate" name="testRequestTime" time="0.07"/>
  <testcase classname="testcase.usdtPerpetual.marketData.GetTheLastFundingRate" name="testRequestTime" time="0.069"/>
  <testcase classname="testcase.usdtPerpetual.marketData.GetTheLastFundingRate" name="testRequestTime" time="0.063"/>
  <testcase classname="testcase.usdtPerpetual.marketData.QueryKline" name="testQueryKline" time="0.121"/>
  <testcase classname="testcase.usdtPerpetual.marketData.QueryKline" name="testQueryKline" time="0.089"/>
  <testcase classname="testcase.usdtPerpetual.marketData.QueryKline" name="testQueryKline" time="0.098"/>
  <testcase classname="testcase.usdtPerpetual.marketData.QueryKline" name="testQueryKline" time="0.077"/>
  <testcase classname="testcase.usdtPerpetual.marketData.QueryKline" name="testQueryKline" time="0.075"/>
  <testcase classname="testcase.usdtPerpetual.marketData.QueryKline" name="testRequestLog" time="0.084"/>
  <testcase classname="testcase.usdtPerpetual.marketData.QueryKline" name="testRequestLog" time="0.067"/>
  <testcase classname="testcase.usdtPerpetual.marketData.QueryKline" name="testRequestLog" time="0.076"/>
  <testcase classname="testcase.usdtPerpetual.marketData.QueryKline" name="testRequestLog" time="0.065"/>
  <testcase classname="testcase.usdtPerpetual.marketData.QueryKline" name="testRequestLog" time="0.066"/>
  <testcase classname="testcase.usdtPerpetual.marketData.QueryKline" name="testRequestTime" time="0.065"/>
  <testcase classname="testcase.usdtPerpetual.marketData.QueryKline" name="testRequestTime" time="0.057"/>
  <testcase classname="testcase.usdtPerpetual.marketData.QueryKline" name="testRequestTime" time="0.056"/>
  <testcase classname="testcase.usdtPerpetual.marketData.QueryKline" name="testRequestTime" time="0.063"/>
  <testcase classname="testcase.usdtPerpetual.marketData.QueryKline" name="testRequestTime" time="0.065"/>
  <testcase classname="testcase.usdtPerpetual.marketData.QueryIndexPriceKline" name="testQueryIndexPriceKline" time="0.107"/>
  <testcase classname="testcase.usdtPerpetual.marketData.QueryIndexPriceKline" name="testQueryIndexPriceKline" time="0.079"/>
  <testcase classname="testcase.usdtPerpetual.marketData.QueryIndexPriceKline" name="testQueryIndexPriceKline" time="0.083"/>
  <testcase classname="testcase.usdtPerpetual.marketData.QueryIndexPriceKline" name="testQueryIndexPriceKline" time="0.086"/>
  <testcase classname="testcase.usdtPerpetual.marketData.QueryIndexPriceKline" name="testQueryIndexPriceKline" time="0.066"/>
  <testcase classname="testcase.usdtPerpetual.marketData.QueryIndexPriceKline" name="testRequestLog" time="0.07"/>
  <testcase classname="testcase.usdtPerpetual.marketData.QueryIndexPriceKline" name="testRequestLog" time="0.085"/>
  <testcase classname="testcase.usdtPerpetual.marketData.QueryIndexPriceKline" name="testRequestLog" time="0.084"/>
  <testcase classname="testcase.usdtPerpetual.marketData.QueryIndexPriceKline" name="testRequestLog" time="0.065"/>
  <testcase classname="testcase.usdtPerpetual.marketData.QueryIndexPriceKline" name="testRequestLog" time="0.059"/>
  <testcase classname="testcase.usdtPerpetual.marketData.QueryIndexPriceKline" name="testRequestTime" time="0.089"/>
  <testcase classname="testcase.usdtPerpetual.marketData.QueryIndexPriceKline" name="testRequestTime" time="0.06"/>
  <testcase classname="testcase.usdtPerpetual.marketData.QueryIndexPriceKline" name="testRequestTime" time="0.06"/>
  <testcase classname="testcase.usdtPerpetual.marketData.QueryIndexPriceKline" name="testRequestTime" time="0.059"/>
  <testcase classname="testcase.usdtPerpetual.marketData.QueryIndexPriceKline" name="testRequestTime" time="0.063"/>
  <testcase classname="testcase.usdtPerpetual.marketData.QueryMarkPriceKline" name="QueryMarkPriceKline" time="0.087"/>
  <testcase classname="testcase.usdtPerpetual.marketData.QueryMarkPriceKline" name="QueryMarkPriceKline" time="0.085"/>
  <testcase classname="testcase.usdtPerpetual.marketData.QueryMarkPriceKline" name="QueryMarkPriceKline" time="0.096"/>
  <testcase classname="testcase.usdtPerpetual.marketData.QueryMarkPriceKline" name="QueryMarkPriceKline" time="0.09"/>
  <testcase classname="testcase.usdtPerpetual.marketData.QueryMarkPriceKline" name="QueryMarkPriceKline" time="0.093"/>
  <testcase classname="testcase.usdtPerpetual.marketData.QueryMarkPriceKline" name="testRequestLog" time="0.075"/>
  <testcase classname="testcase.usdtPerpetual.marketData.QueryMarkPriceKline" name="testRequestLog" time="0.058"/>
  <testcase classname="testcase.usdtPerpetual.marketData.QueryMarkPriceKline" name="testRequestLog" time="0.063"/>
  <testcase classname="testcase.usdtPerpetual.marketData.QueryMarkPriceKline" name="testRequestLog" time="0.064"/>
  <testcase classname="testcase.usdtPerpetual.marketData.QueryMarkPriceKline" name="testRequestLog" time="0.062"/>
  <testcase classname="testcase.usdtPerpetual.marketData.QueryMarkPriceKline" name="testRequestTime" time="0.066"/>
  <testcase classname="testcase.usdtPerpetual.marketData.QueryMarkPriceKline" name="testRequestTime" time="0.063"/>
  <testcase classname="testcase.usdtPerpetual.marketData.QueryMarkPriceKline" name="testRequestTime" time="0.065"/>
  <testcase classname="testcase.usdtPerpetual.marketData.QueryMarkPriceKline" name="testRequestTime" time="0.059"/>
  <testcase classname="testcase.usdtPerpetual.marketData.QueryMarkPriceKline" name="testRequestTime" time="0.062"/>
  <testcase classname="testcase.inverseperpetual.marketData.LatestBigDeal" name="testLatestBigDeal" time="0.113"/>
  <testcase classname="testcase.inverseperpetual.marketData.LatestBigDeal" name="testLatestBigDeal" time="0.068"/>
  <testcase classname="testcase.inverseperpetual.marketData.LatestBigDeal" name="testLatestBigDeal" time="0.102">
    <failure message="Response Result is empty" type="java.lang.AssertionError">java.lang.AssertionError: Response Result is empty
	at org.testng.Assert.fail(Assert.java:96)
	at testcase.inverseperpetual.marketData.LatestBigDeal.testLatestBigDeal(LatestBigDeal.java:107)
</failure>
    <system-err>java.lang.Exception: Response Result is empty
	at testcase.BaseTest.convertSingleResponseResultToMap(BaseTest.java:53)
	at testcase.inverseperpetual.marketData.LatestBigDeal.testLatestBigDeal(LatestBigDeal.java:91)
	at java.base/jdk.internal.reflect.NativeMethodAccessorImpl.invoke0(Native Method)
	at java.base/jdk.internal.reflect.NativeMethodAccessorImpl.invoke(NativeMethodAccessorImpl.java:62)
	at java.base/jdk.internal.reflect.DelegatingMethodAccessorImpl.invoke(DelegatingMethodAccessorImpl.java:43)
	at java.base/java.lang.reflect.Method.invoke(Method.java:566)
	at org.testng.internal.MethodInvocationHelper.invokeMethod(MethodInvocationHelper.java:124)
	at org.testng.internal.Invoker.invokeMethod(Invoker.java:583)
	at org.testng.internal.Invoker.invokeTestMethod(Invoker.java:719)
	at org.testng.internal.Invoker.invokeTestMethods(Invoker.java:989)
	at org.testng.internal.TestMethodWorker.invokeTestMethods(TestMethodWorker.java:125)
	at org.testng.internal.TestMethodWorker.run(TestMethodWorker.java:109)
	at org.testng.TestRunner.privateRun(TestRunner.java:648)
	at org.testng.TestRunner.run(TestRunner.java:505)
	at org.testng.SuiteRunner.runTest(SuiteRunner.java:455)
	at org.testng.SuiteRunner.runSequentially(SuiteRunner.java:450)
	at org.testng.SuiteRunner.privateRun(SuiteRunner.java:415)
	at org.testng.SuiteRunner.run(SuiteRunner.java:364)
	at org.testng.SuiteRunnerWorker.runSuite(SuiteRunnerWorker.java:52)
	at org.testng.SuiteRunnerWorker.run(SuiteRunnerWorker.java:84)
	at org.testng.TestNG.runSuitesSequentially(TestNG.java:1208)
	at org.testng.TestNG.runSuitesLocally(TestNG.java:1137)
	at org.testng.TestNG.runSuites(TestNG.java:1049)
	at org.testng.TestNG.run(TestNG.java:1017)
	at org.apache.maven.surefire.testng.TestNGExecutor.run(TestNGExecutor.java:178)
	at org.apache.maven.surefire.testng.TestNGXmlTestSuite.execute(TestNGXmlTestSuite.java:92)
	at org.apache.maven.surefire.testng.TestNGProvider.invoke(TestNGProvider.java:96)
	at java.base/jdk.internal.reflect.NativeMethodAccessorImpl.invoke0(Native Method)
	at java.base/jdk.internal.reflect.NativeMethodAccessorImpl.invoke(NativeMethodAccessorImpl.java:62)
	at java.base/jdk.internal.reflect.DelegatingMethodAccessorImpl.invoke(DelegatingMethodAccessorImpl.java:43)
	at java.base/java.lang.reflect.Method.invoke(Method.java:566)
	at org.apache.maven.surefire.util.ReflectionUtils.invokeMethodWithArray(ReflectionUtils.java:189)
	at org.apache.maven.surefire.booter.ProviderFactory$ProviderProxy.invoke(ProviderFactory.java:165)
	at org.apache.maven.surefire.booter.ProviderFactory.invokeProvider(ProviderFactory.java:85)
	at org.apache.maven.surefire.booter.ForkedBooter.runSuitesInProcess(ForkedBooter.java:115)
	at org.apache.maven.surefire.booter.ForkedBooter.main(ForkedBooter.java:75)
</system-err>
  </testcase>
  <testcase classname="testcase.inverseperpetual.marketData.LatestBigDeal" name="testLatestBigDeal" time="0.067">
    <failure message="Response Result is empty" type="java.lang.AssertionError">java.lang.AssertionError: Response Result is empty
	at org.testng.Assert.fail(Assert.java:96)
	at testcase.inverseperpetual.marketData.LatestBigDeal.testLatestBigDeal(LatestBigDeal.java:107)
</failure>
    <system-err>java.lang.Exception: Response Result is empty
	at testcase.BaseTest.convertSingleResponseResultToMap(BaseTest.java:53)
	at testcase.inverseperpetual.marketData.LatestBigDeal.testLatestBigDeal(LatestBigDeal.java:91)
	at java.base/jdk.internal.reflect.NativeMethodAccessorImpl.invoke0(Native Method)
	at java.base/jdk.internal.reflect.NativeMethodAccessorImpl.invoke(NativeMethodAccessorImpl.java:62)
	at java.base/jdk.internal.reflect.DelegatingMethodAccessorImpl.invoke(DelegatingMethodAccessorImpl.java:43)
	at java.base/java.lang.reflect.Method.invoke(Method.java:566)
	at org.testng.internal.MethodInvocationHelper.invokeMethod(MethodInvocationHelper.java:124)
	at org.testng.internal.Invoker.invokeMethod(Invoker.java:583)
	at org.testng.internal.Invoker.invokeTestMethod(Invoker.java:719)
	at org.testng.internal.Invoker.invokeTestMethods(Invoker.java:989)
	at org.testng.internal.TestMethodWorker.invokeTestMethods(TestMethodWorker.java:125)
	at org.testng.internal.TestMethodWorker.run(TestMethodWorker.java:109)
	at org.testng.TestRunner.privateRun(TestRunner.java:648)
	at org.testng.TestRunner.run(TestRunner.java:505)
	at org.testng.SuiteRunner.runTest(SuiteRunner.java:455)
	at org.testng.SuiteRunner.runSequentially(SuiteRunner.java:450)
	at org.testng.SuiteRunner.privateRun(SuiteRunner.java:415)
	at org.testng.SuiteRunner.run(SuiteRunner.java:364)
	at org.testng.SuiteRunnerWorker.runSuite(SuiteRunnerWorker.java:52)
	at org.testng.SuiteRunnerWorker.run(SuiteRunnerWorker.java:84)
	at org.testng.TestNG.runSuitesSequentially(TestNG.java:1208)
	at org.testng.TestNG.runSuitesLocally(TestNG.java:1137)
	at org.testng.TestNG.runSuites(TestNG.java:1049)
	at org.testng.TestNG.run(TestNG.java:1017)
	at org.apache.maven.surefire.testng.TestNGExecutor.run(TestNGExecutor.java:178)
	at org.apache.maven.surefire.testng.TestNGXmlTestSuite.execute(TestNGXmlTestSuite.java:92)
	at org.apache.maven.surefire.testng.TestNGProvider.invoke(TestNGProvider.java:96)
	at java.base/jdk.internal.reflect.NativeMethodAccessorImpl.invoke0(Native Method)
	at java.base/jdk.internal.reflect.NativeMethodAccessorImpl.invoke(NativeMethodAccessorImpl.java:62)
	at java.base/jdk.internal.reflect.DelegatingMethodAccessorImpl.invoke(DelegatingMethodAccessorImpl.java:43)
	at java.base/java.lang.reflect.Method.invoke(Method.java:566)
	at org.apache.maven.surefire.util.ReflectionUtils.invokeMethodWithArray(ReflectionUtils.java:189)
	at org.apache.maven.surefire.booter.ProviderFactory$ProviderProxy.invoke(ProviderFactory.java:165)
	at org.apache.maven.surefire.booter.ProviderFactory.invokeProvider(ProviderFactory.java:85)
	at org.apache.maven.surefire.booter.ForkedBooter.runSuitesInProcess(ForkedBooter.java:115)
	at org.apache.maven.surefire.booter.ForkedBooter.main(ForkedBooter.java:75)
</system-err>
  </testcase>
  <testcase classname="testcase.inverseperpetual.marketData.LatestBigDeal" name="testLatestBigDeal" time="0.08">
    <failure message="Response Result is empty" type="java.lang.AssertionError">java.lang.AssertionError: Response Result is empty
	at org.testng.Assert.fail(Assert.java:96)
	at testcase.inverseperpetual.marketData.LatestBigDeal.testLatestBigDeal(LatestBigDeal.java:107)
</failure>
    <system-err>java.lang.Exception: Response Result is empty
	at testcase.BaseTest.convertSingleResponseResultToMap(BaseTest.java:53)
	at testcase.inverseperpetual.marketData.LatestBigDeal.testLatestBigDeal(LatestBigDeal.java:91)
	at java.base/jdk.internal.reflect.NativeMethodAccessorImpl.invoke0(Native Method)
	at java.base/jdk.internal.reflect.NativeMethodAccessorImpl.invoke(NativeMethodAccessorImpl.java:62)
	at java.base/jdk.internal.reflect.DelegatingMethodAccessorImpl.invoke(DelegatingMethodAccessorImpl.java:43)
	at java.base/java.lang.reflect.Method.invoke(Method.java:566)
	at org.testng.internal.MethodInvocationHelper.invokeMethod(MethodInvocationHelper.java:124)
	at org.testng.internal.Invoker.invokeMethod(Invoker.java:583)
	at org.testng.internal.Invoker.invokeTestMethod(Invoker.java:719)
	at org.testng.internal.Invoker.invokeTestMethods(Invoker.java:989)
	at org.testng.internal.TestMethodWorker.invokeTestMethods(TestMethodWorker.java:125)
	at org.testng.internal.TestMethodWorker.run(TestMethodWorker.java:109)
	at org.testng.TestRunner.privateRun(TestRunner.java:648)
	at org.testng.TestRunner.run(TestRunner.java:505)
	at org.testng.SuiteRunner.runTest(SuiteRunner.java:455)
	at org.testng.SuiteRunner.runSequentially(SuiteRunner.java:450)
	at org.testng.SuiteRunner.privateRun(SuiteRunner.java:415)
	at org.testng.SuiteRunner.run(SuiteRunner.java:364)
	at org.testng.SuiteRunnerWorker.runSuite(SuiteRunnerWorker.java:52)
	at org.testng.SuiteRunnerWorker.run(SuiteRunnerWorker.java:84)
	at org.testng.TestNG.runSuitesSequentially(TestNG.java:1208)
	at org.testng.TestNG.runSuitesLocally(TestNG.java:1137)
	at org.testng.TestNG.runSuites(TestNG.java:1049)
	at org.testng.TestNG.run(TestNG.java:1017)
	at org.apache.maven.surefire.testng.TestNGExecutor.run(TestNGExecutor.java:178)
	at org.apache.maven.surefire.testng.TestNGXmlTestSuite.execute(TestNGXmlTestSuite.java:92)
	at org.apache.maven.surefire.testng.TestNGProvider.invoke(TestNGProvider.java:96)
	at java.base/jdk.internal.reflect.NativeMethodAccessorImpl.invoke0(Native Method)
	at java.base/jdk.internal.reflect.NativeMethodAccessorImpl.invoke(NativeMethodAccessorImpl.java:62)
	at java.base/jdk.internal.reflect.DelegatingMethodAccessorImpl.invoke(DelegatingMethodAccessorImpl.java:43)
	at java.base/java.lang.reflect.Method.invoke(Method.java:566)
	at org.apache.maven.surefire.util.ReflectionUtils.invokeMethodWithArray(ReflectionUtils.java:189)
	at org.apache.maven.surefire.booter.ProviderFactory$ProviderProxy.invoke(ProviderFactory.java:165)
	at org.apache.maven.surefire.booter.ProviderFactory.invokeProvider(ProviderFactory.java:85)
	at org.apache.maven.surefire.booter.ForkedBooter.runSuitesInProcess(ForkedBooter.java:115)
	at org.apache.maven.surefire.booter.ForkedBooter.main(ForkedBooter.java:75)
</system-err>
  </testcase>
  <testcase classname="testcase.inverseperpetual.marketData.LatestBigDeal" name="testRequestLog" time="0.059"/>
  <testcase classname="testcase.inverseperpetual.marketData.LatestBigDeal" name="testRequestLog" time="0.051"/>
  <testcase classname="testcase.inverseperpetual.marketData.LatestBigDeal" name="testRequestLog" time="0.056"/>
  <testcase classname="testcase.inverseperpetual.marketData.LatestBigDeal" name="testRequestLog" time="0.061"/>
  <testcase classname="testcase.inverseperpetual.marketData.LatestBigDeal" name="testRequestLog" time="0.079"/>
  <testcase classname="testcase.inverseperpetual.marketData.LatestBigDeal" name="testRequestTime" time="0.06"/>
  <testcase classname="testcase.inverseperpetual.marketData.LatestBigDeal" name="testRequestTime" time="0.074"/>
  <testcase classname="testcase.inverseperpetual.marketData.LatestBigDeal" name="testRequestTime" time="0.061"/>
  <testcase classname="testcase.inverseperpetual.marketData.LatestBigDeal" name="testRequestTime" time="0.057"/>
  <testcase classname="testcase.inverseperpetual.marketData.LatestBigDeal" name="testRequestTime" time="0.059"/>
  <testcase classname="testcase.inverseperpetual.marketData.LatestInformationForSymbol" name="testLatestInformationForSymbol" time="0.088"/>
  <testcase classname="testcase.inverseperpetual.marketData.LatestInformationForSymbol" name="testLatestInformationForSymbol" time="0.098"/>
  <testcase classname="testcase.inverseperpetual.marketData.LatestInformationForSymbol" name="testLatestInformationForSymbol" time="0.07"/>
  <testcase classname="testcase.inverseperpetual.marketData.LatestInformationForSymbol" name="testLatestInformationForSymbol" time="0.068"/>
  <testcase classname="testcase.inverseperpetual.marketData.LatestInformationForSymbol" name="testLatestInformationForSymbol" time="0.076"/>
  <testcase classname="testcase.inverseperpetual.marketData.LatestInformationForSymbol" name="testRequestLog" time="0.068"/>
  <testcase classname="testcase.inverseperpetual.marketData.LatestInformationForSymbol" name="testRequestLog" time="0.084"/>
  <testcase classname="testcase.inverseperpetual.marketData.LatestInformationForSymbol" name="testRequestLog" time="0.061"/>
  <testcase classname="testcase.inverseperpetual.marketData.LatestInformationForSymbol" name="testRequestLog" time="0.061"/>
  <testcase classname="testcase.inverseperpetual.marketData.LatestInformationForSymbol" name="testRequestLog" time="0.058"/>
  <testcase classname="testcase.inverseperpetual.marketData.LatestInformationForSymbol" name="testRequestTime" time="0.055"/>
  <testcase classname="testcase.inverseperpetual.marketData.LatestInformationForSymbol" name="testRequestTime" time="0.052"/>
  <testcase classname="testcase.inverseperpetual.marketData.LatestInformationForSymbol" name="testRequestTime" time="0.056"/>
  <testcase classname="testcase.inverseperpetual.marketData.LatestInformationForSymbol" name="testRequestTime" time="0.055"/>
  <testcase classname="testcase.inverseperpetual.marketData.LatestInformationForSymbol" name="testRequestTime" time="0.059"/>
  <testcase classname="testcase.inverseperpetual.marketData.LongShortRatio" name="testLatestBigDeal" time="0.214"/>
  <testcase classname="testcase.inverseperpetual.marketData.LongShortRatio" name="testLatestBigDeal" time="0.067"/>
  <testcase classname="testcase.inverseperpetual.marketData.LongShortRatio" name="testLatestBigDeal" time="0.069"/>
  <testcase classname="testcase.inverseperpetual.marketData.LongShortRatio" name="testLatestBigDeal" time="0.084"/>
  <testcase classname="testcase.inverseperpetual.marketData.LongShortRatio" name="testLatestBigDeal" time="0.068"/>
  <testcase classname="testcase.inverseperpetual.marketData.LongShortRatio" name="testRequestLog" time="0.059"/>
  <testcase classname="testcase.inverseperpetual.marketData.LongShortRatio" name="testRequestLog" time="0.053"/>
  <testcase classname="testcase.inverseperpetual.marketData.LongShortRatio" name="testRequestLog" time="0.056"/>
  <testcase classname="testcase.inverseperpetual.marketData.LongShortRatio" name="testRequestLog" time="0.064"/>
  <testcase classname="testcase.inverseperpetual.marketData.LongShortRatio" name="testRequestLog" time="0.069"/>
  <testcase classname="testcase.inverseperpetual.marketData.LongShortRatio" name="testRequestTime" time="0.075"/>
  <testcase classname="testcase.inverseperpetual.marketData.LongShortRatio" name="testRequestTime" time="0.061"/>
  <testcase classname="testcase.inverseperpetual.marketData.LongShortRatio" name="testRequestTime" time="0.059"/>
  <testcase classname="testcase.inverseperpetual.marketData.LongShortRatio" name="testRequestTime" time="0.067"/>
  <testcase classname="testcase.inverseperpetual.marketData.LongShortRatio" name="testRequestTime" time="0.075"/>
  <testcase classname="testcase.inverseperpetual.marketData.OrderBook" name="testOrderBook" time="0.077"/>
  <testcase classname="testcase.inverseperpetual.marketData.OrderBook" name="testOrderBook" time="0.074"/>
  <testcase classname="testcase.inverseperpetual.marketData.OrderBook" name="testOrderBook" time="0.062"/>
  <testcase classname="testcase.inverseperpetual.marketData.OrderBook" name="testOrderBook" time="0.072"/>
  <testcase classname="testcase.inverseperpetual.marketData.OrderBook" name="testOrderBook" time="0.079"/>
  <testcase classname="testcase.inverseperpetual.marketData.OrderBook" name="testRequestLog" time="0.11"/>
  <testcase classname="testcase.inverseperpetual.marketData.OrderBook" name="testRequestLog" time="0.064"/>
  <testcase classname="testcase.inverseperpetual.marketData.OrderBook" name="testRequestLog" time="0.062"/>
  <testcase classname="testcase.inverseperpetual.marketData.OrderBook" name="testRequestLog" time="0.085"/>
  <testcase classname="testcase.inverseperpetual.marketData.OrderBook" name="testRequestLog" time="0.063"/>
  <testcase classname="testcase.inverseperpetual.marketData.OrderBook" name="testRequestTime" time="0.055"/>
  <testcase classname="testcase.inverseperpetual.marketData.OrderBook" name="testRequestTime" time="0.062"/>
  <testcase classname="testcase.inverseperpetual.marketData.OrderBook" name="testRequestTime" time="0.052"/>
  <testcase classname="testcase.inverseperpetual.marketData.OrderBook" name="testRequestTime" time="0.06"/>
  <testcase classname="testcase.inverseperpetual.marketData.OrderBook" name="testRequestTime" time="0.071"/>
  <testcase classname="testcase.inverseperpetual.marketData.PublicTradingRecords" name="testPublicTradingRecords" time="0.067"/>
  <testcase classname="testcase.inverseperpetual.marketData.PublicTradingRecords" name="testPublicTradingRecords" time="0.067"/>
  <testcase classname="testcase.inverseperpetual.marketData.PublicTradingRecords" name="testPublicTradingRecords" time="0.064"/>
  <testcase classname="testcase.inverseperpetual.marketData.PublicTradingRecords" name="testPublicTradingRecords" time="0.075"/>
  <testcase classname="testcase.inverseperpetual.marketData.PublicTradingRecords" name="testPublicTradingRecords" time="0.064"/>
  <testcase classname="testcase.inverseperpetual.marketData.PublicTradingRecords" name="testRequestLog" time="0.068"/>
  <testcase classname="testcase.inverseperpetual.marketData.PublicTradingRecords" name="testRequestLog" time="0.055"/>
  <testcase classname="testcase.inverseperpetual.marketData.PublicTradingRecords" name="testRequestLog" time="0.057"/>
  <testcase classname="testcase.inverseperpetual.marketData.PublicTradingRecords" name="testRequestLog" time="0.056"/>
  <testcase classname="testcase.inverseperpetual.marketData.PublicTradingRecords" name="testRequestLog" time="0.054"/>
  <testcase classname="testcase.inverseperpetual.marketData.PublicTradingRecords" name="testRequestTime" time="0.059"/>
  <testcase classname="testcase.inverseperpetual.marketData.PublicTradingRecords" name="testRequestTime" time="0.053"/>
  <testcase classname="testcase.inverseperpetual.marketData.PublicTradingRecords" name="testRequestTime" time="0.078"/>
  <testcase classname="testcase.inverseperpetual.marketData.PublicTradingRecords" name="testRequestTime" time="0.059"/>
  <testcase classname="testcase.inverseperpetual.marketData.PublicTradingRecords" name="testRequestTime" time="0.095"/>
  <testcase classname="testcase.inverseperpetual.marketData.QueryIndexPriceKline" name="testQueryIndexPriceKline" time="0.099"/>
  <testcase classname="testcase.inverseperpetual.marketData.QueryIndexPriceKline" name="testQueryIndexPriceKline" time="0.068"/>
  <testcase classname="testcase.inverseperpetual.marketData.QueryIndexPriceKline" name="testQueryIndexPriceKline" time="0.102"/>
  <testcase classname="testcase.inverseperpetual.marketData.QueryIndexPriceKline" name="testQueryIndexPriceKline" time="0.101"/>
  <testcase classname="testcase.inverseperpetual.marketData.QueryIndexPriceKline" name="testQueryIndexPriceKline" time="0.082"/>
  <testcase classname="testcase.inverseperpetual.marketData.QueryIndexPriceKline" name="testRequestLog" time="0.068"/>
  <testcase classname="testcase.inverseperpetual.marketData.QueryIndexPriceKline" name="testRequestLog" time="0.067"/>
  <testcase classname="testcase.inverseperpetual.marketData.QueryIndexPriceKline" name="testRequestLog" time="0.06"/>
  <testcase classname="testcase.inverseperpetual.marketData.QueryIndexPriceKline" name="testRequestLog" time="0.067"/>
  <testcase classname="testcase.inverseperpetual.marketData.QueryIndexPriceKline" name="testRequestLog" time="0.067"/>
  <testcase classname="testcase.inverseperpetual.marketData.QueryIndexPriceKline" name="testRequestTime" time="0.081"/>
  <testcase classname="testcase.inverseperpetual.marketData.QueryIndexPriceKline" name="testRequestTime" time="0.063"/>
  <testcase classname="testcase.inverseperpetual.marketData.QueryIndexPriceKline" name="testRequestTime" time="0.061"/>
  <testcase classname="testcase.inverseperpetual.marketData.QueryIndexPriceKline" name="testRequestTime" time="0.068"/>
  <testcase classname="testcase.inverseperpetual.marketData.QueryIndexPriceKline" name="testRequestTime" time="0.056"/>
  <testcase classname="testcase.inverseperpetual.marketData.QueryKline" name="testQueryKline" time="0.07"/>
  <testcase classname="testcase.inverseperpetual.marketData.QueryKline" name="testQueryKline" time="0.07"/>
  <testcase classname="testcase.inverseperpetual.marketData.QueryKline" name="testQueryKline" time="0.162"/>
  <testcase classname="testcase.inverseperpetual.marketData.QueryKline" name="testQueryKline" time="0.068"/>
  <testcase classname="testcase.inverseperpetual.marketData.QueryKline" name="testQueryKline" time="0.068"/>
  <testcase classname="testcase.inverseperpetual.marketData.QueryKline" name="testRequestLog" time="0.073"/>
  <testcase classname="testcase.inverseperpetual.marketData.QueryKline" name="testRequestLog" time="0.067"/>
  <testcase classname="testcase.inverseperpetual.marketData.QueryKline" name="testRequestLog" time="0.055"/>
  <testcase classname="testcase.inverseperpetual.marketData.QueryKline" name="testRequestLog" time="0.056"/>
  <testcase classname="testcase.inverseperpetual.marketData.QueryKline" name="testRequestLog" time="0.065"/>
  <testcase classname="testcase.inverseperpetual.marketData.QueryKline" name="testRequestTime" time="0.062"/>
  <testcase classname="testcase.inverseperpetual.marketData.QueryKline" name="testRequestTime" time="0.066"/>
  <testcase classname="testcase.inverseperpetual.marketData.QueryKline" name="testRequestTime" time="0.058"/>
  <testcase classname="testcase.inverseperpetual.marketData.QueryKline" name="testRequestTime" time="0.064"/>
  <testcase classname="testcase.inverseperpetual.marketData.QueryKline" name="testRequestTime" time="0.053"/>
  <testcase classname="testcase.inverseperpetual.marketData.QueryMarkPriceKline" name="testQueryMarkPriceKline" time="0.096"/>
  <testcase classname="testcase.inverseperpetual.marketData.QueryMarkPriceKline" name="testQueryMarkPriceKline" time="0.074"/>
  <testcase classname="testcase.inverseperpetual.marketData.QueryMarkPriceKline" name="testQueryMarkPriceKline" time="0.064"/>
  <testcase classname="testcase.inverseperpetual.marketData.QueryMarkPriceKline" name="testQueryMarkPriceKline" time="0.119"/>
  <testcase classname="testcase.inverseperpetual.marketData.QueryMarkPriceKline" name="testQueryMarkPriceKline" time="0.073"/>
  <testcase classname="testcase.inverseperpetual.marketData.QueryMarkPriceKline" name="testRequestLog" time="0.069"/>
  <testcase classname="testcase.inverseperpetual.marketData.QueryMarkPriceKline" name="testRequestLog" time="0.057"/>
  <testcase classname="testcase.inverseperpetual.marketData.QueryMarkPriceKline" name="testRequestLog" time="0.05"/>
  <testcase classname="testcase.inverseperpetual.marketData.QueryMarkPriceKline" name="testRequestLog" time="0.054"/>
  <testcase classname="testcase.inverseperpetual.marketData.QueryMarkPriceKline" name="testRequestLog" time="0.056"/>
  <testcase classname="testcase.inverseperpetual.marketData.QueryMarkPriceKline" name="testRequestTime" time="0.079"/>
  <testcase classname="testcase.inverseperpetual.marketData.QueryMarkPriceKline" name="testRequestTime" time="0.067"/>
  <testcase classname="testcase.inverseperpetual.marketData.QueryMarkPriceKline" name="testRequestTime" time="0.087"/>
  <testcase classname="testcase.inverseperpetual.marketData.QueryMarkPriceKline" name="testRequestTime" time="0.074"/>
  <testcase classname="testcase.inverseperpetual.marketData.QueryMarkPriceKline" name="testRequestTime" time="0.059"/>
  <testcase classname="testcase.inverseperpetual.marketData.QuerySymbol" name="testQuerySymbol" time="0.098"/>
  <testcase classname="testcase.inverseperpetual.marketData.QuerySymbol" name="testQuerySymbol" time="0.104"/>
  <testcase classname="testcase.inverseperpetual.marketData.QuerySymbol" name="testQuerySymbol" time="0.107"/>
  <testcase classname="testcase.inverseperpetual.marketData.QuerySymbol" name="testQuerySymbol" time="0.081"/>
  <testcase classname="testcase.inverseperpetual.marketData.QuerySymbol" name="testQuerySymbol" time="0.088"/>
  <testcase classname="testcase.inverseperpetual.marketData.QuerySymbol" name="testRequestLog" time="0.093"/>
  <testcase classname="testcase.inverseperpetual.marketData.QuerySymbol" name="testRequestTime" time="0.077"/>
  <testcase classname="testcase.spot.marketData.BestBidAskPrice" name="testBestBidAskPrice" time="0.129"/>
  <testcase classname="testcase.spot.marketData.BestBidAskPrice" name="testBestBidAskPrice" time="0.188"/>
  <testcase classname="testcase.spot.marketData.BestBidAskPrice" name="testBestBidAskPrice" time="0.114"/>
  <testcase classname="testcase.spot.marketData.BestBidAskPrice" name="testBestBidAskPrice" time="0.083"/>
  <testcase classname="testcase.spot.marketData.BestBidAskPrice" name="testBestBidAskPrice" time="0.07"/>
  <testcase classname="testcase.spot.marketData.BestBidAskPrice" name="testRequestLog" time="0.068"/>
  <testcase classname="testcase.spot.marketData.BestBidAskPrice" name="testRequestLog" time="0.06"/>
  <testcase classname="testcase.spot.marketData.BestBidAskPrice" name="testRequestLog" time="0.063"/>
  <testcase classname="testcase.spot.marketData.BestBidAskPrice" name="testRequestLog" time="0.066"/>
  <testcase classname="testcase.spot.marketData.BestBidAskPrice" name="testRequestLog" time="0.091"/>
  <testcase classname="testcase.spot.marketData.BestBidAskPrice" name="testRequestTime" time="0.088"/>
  <testcase classname="testcase.spot.marketData.BestBidAskPrice" name="testRequestTime" time="0.083"/>
  <testcase classname="testcase.spot.marketData.BestBidAskPrice" name="testRequestTime" time="0.06"/>
  <testcase classname="testcase.spot.marketData.BestBidAskPrice" name="testRequestTime" time="0.057"/>
  <testcase classname="testcase.spot.marketData.BestBidAskPrice" name="testRequestTime" time="0.063"/>
  <testcase classname="testcase.spot.marketData.LastTradedPrice" name="testLastTradedPrice" time="0.079"/>
  <testcase classname="testcase.spot.marketData.LastTradedPrice" name="testLastTradedPrice" time="0.063"/>
  <testcase classname="testcase.spot.marketData.LastTradedPrice" name="testLastTradedPrice" time="0.075"/>
  <testcase classname="testcase.spot.marketData.LastTradedPrice" name="testLastTradedPrice" time="0.067"/>
  <testcase classname="testcase.spot.marketData.LastTradedPrice" name="testLastTradedPrice" time="0.073"/>
  <testcase classname="testcase.spot.marketData.LastTradedPrice" name="testRequestLog" time="0.059"/>
  <testcase classname="testcase.spot.marketData.LastTradedPrice" name="testRequestLog" time="0.059"/>
  <testcase classname="testcase.spot.marketData.LastTradedPrice" name="testRequestLog" time="0.062"/>
  <testcase classname="testcase.spot.marketData.LastTradedPrice" name="testRequestLog" time="0.055"/>
  <testcase classname="testcase.spot.marketData.LastTradedPrice" name="testRequestLog" time="0.061"/>
  <testcase classname="testcase.spot.marketData.LastTradedPrice" name="testRequestTime" time="0.07"/>
  <testcase classname="testcase.spot.marketData.LastTradedPrice" name="testRequestTime" time="0.064"/>
  <testcase classname="testcase.spot.marketData.LastTradedPrice" name="testRequestTime" time="0.068"/>
  <testcase classname="testcase.spot.marketData.LastTradedPrice" name="testRequestTime" time="0.09"/>
  <testcase classname="testcase.spot.marketData.LastTradedPrice" name="testRequestTime" time="0.072"/>
  <testcase classname="testcase.spot.marketData.LatestInformationForSymbol" name="testLatestInformationForSymbol" time="0.089"/>
  <testcase classname="testcase.spot.marketData.LatestInformationForSymbol" name="testLatestInformationForSymbol" time="0.067"/>
  <testcase classname="testcase.spot.marketData.LatestInformationForSymbol" name="testLatestInformationForSymbol" time="0.079"/>
  <testcase classname="testcase.spot.marketData.LatestInformationForSymbol" name="testLatestInformationForSymbol" time="0.09"/>
  <testcase classname="testcase.spot.marketData.LatestInformationForSymbol" name="testLatestInformationForSymbol" time="0.069"/>
  <testcase classname="testcase.spot.marketData.LatestInformationForSymbol" name="testRequestLog" time="0.056"/>
  <testcase classname="testcase.spot.marketData.LatestInformationForSymbol" name="testRequestLog" time="0.063"/>
  <testcase classname="testcase.spot.marketData.LatestInformationForSymbol" name="testRequestLog" time="0.057"/>
  <testcase classname="testcase.spot.marketData.LatestInformationForSymbol" name="testRequestLog" time="0.065"/>
  <testcase classname="testcase.spot.marketData.LatestInformationForSymbol" name="testRequestLog" time="0.068"/>
  <testcase classname="testcase.spot.marketData.LatestInformationForSymbol" name="testRequestTime" time="0.06"/>
  <testcase classname="testcase.spot.marketData.LatestInformationForSymbol" name="testRequestTime" time="0.058"/>
  <testcase classname="testcase.spot.marketData.LatestInformationForSymbol" name="testRequestTime" time="0.057"/>
  <testcase classname="testcase.spot.marketData.LatestInformationForSymbol" name="testRequestTime" time="0.058"/>
  <testcase classname="testcase.spot.marketData.LatestInformationForSymbol" name="testRequestTime" time="0.062"/>
  <testcase classname="testcase.spot.marketData.MergedOrderBook" name="testMergedOrderBook" time="0.067"/>
  <testcase classname="testcase.spot.marketData.MergedOrderBook" name="testMergedOrderBook" time="0.058"/>
  <testcase classname="testcase.spot.marketData.MergedOrderBook" name="testMergedOrderBook" time="0.058"/>
  <testcase classname="testcase.spot.marketData.MergedOrderBook" name="testMergedOrderBook" time="0.067"/>
  <testcase classname="testcase.spot.marketData.MergedOrderBook" name="testMergedOrderBook" time="0.069"/>
  <testcase classname="testcase.spot.marketData.MergedOrderBook" name="testRequestLog" time="0.064"/>
  <testcase classname="testcase.spot.marketData.MergedOrderBook" name="testRequestLog" time="0.065"/>
  <testcase classname="testcase.spot.marketData.MergedOrderBook" name="testRequestLog" time="0.065"/>
  <testcase classname="testcase.spot.marketData.MergedOrderBook" name="testRequestLog" time="0.07"/>
  <testcase classname="testcase.spot.marketData.MergedOrderBook" name="testRequestLog" time="0.086"/>
  <testcase classname="testcase.spot.marketData.MergedOrderBook" name="testRequestTime" time="0.11"/>
  <testcase classname="testcase.spot.marketData.MergedOrderBook" name="testRequestTime" time="0.062"/>
  <testcase classname="testcase.spot.marketData.MergedOrderBook" name="testRequestTime" time="0.065"/>
  <testcase classname="testcase.spot.marketData.MergedOrderBook" name="testRequestTime" time="0.067"/>
  <testcase classname="testcase.spot.marketData.MergedOrderBook" name="testRequestTime" time="0.076"/>
  <testcase classname="testcase.spot.marketData.OrderBook" name="testOrderBook" time="0.057"/>
  <testcase classname="testcase.spot.marketData.OrderBook" name="testOrderBook" time="0.054"/>
  <testcase classname="testcase.spot.marketData.OrderBook" name="testOrderBook" time="0.058"/>
  <testcase classname="testcase.spot.marketData.OrderBook" name="testOrderBook" time="0.071"/>
  <testcase classname="testcase.spot.marketData.OrderBook" name="testOrderBook" time="0.064"/>
  <testcase classname="testcase.spot.marketData.OrderBook" name="testRequestLog" time="0.074"/>
  <testcase classname="testcase.spot.marketData.OrderBook" name="testRequestLog" time="0.069"/>
  <testcase classname="testcase.spot.marketData.OrderBook" name="testRequestLog" time="0.068"/>
  <testcase classname="testcase.spot.marketData.OrderBook" name="testRequestLog" time="0.061"/>
  <testcase classname="testcase.spot.marketData.OrderBook" name="testRequestLog" time="0.064"/>
  <testcase classname="testcase.spot.marketData.OrderBook" name="testRequestTime" time="0.065"/>
  <testcase classname="testcase.spot.marketData.OrderBook" name="testRequestTime" time="0.058"/>
  <testcase classname="testcase.spot.marketData.OrderBook" name="testRequestTime" time="0.062"/>
  <testcase classname="testcase.spot.marketData.OrderBook" name="testRequestTime" time="0.059"/>
  <testcase classname="testcase.spot.marketData.OrderBook" name="testRequestTime" time="0.058"/>
  <testcase classname="testcase.spot.marketData.PublicTradingRecords" name="testPublicTradingRecords" time="0.086"/>
  <testcase classname="testcase.spot.marketData.PublicTradingRecords" name="testPublicTradingRecords" time="0.073"/>
  <testcase classname="testcase.spot.marketData.PublicTradingRecords" name="testPublicTradingRecords" time="0.073"/>
  <testcase classname="testcase.spot.marketData.PublicTradingRecords" name="testPublicTradingRecords" time="0.077"/>
  <testcase classname="testcase.spot.marketData.PublicTradingRecords" name="testPublicTradingRecords" time="0.093"/>
  <testcase classname="testcase.spot.marketData.PublicTradingRecords" name="testRequestLog" time="0.062"/>
  <testcase classname="testcase.spot.marketData.PublicTradingRecords" name="testRequestLog" time="0.054"/>
  <testcase classname="testcase.spot.marketData.PublicTradingRecords" name="testRequestLog" time="0.076"/>
  <testcase classname="testcase.spot.marketData.PublicTradingRecords" name="testRequestLog" time="0.061"/>
  <testcase classname="testcase.spot.marketData.PublicTradingRecords" name="testRequestLog" time="0.073"/>
  <testcase classname="testcase.spot.marketData.PublicTradingRecords" name="testRequestTime" time="0.06"/>
  <testcase classname="testcase.spot.marketData.PublicTradingRecords" name="testRequestTime" time="0.059"/>
  <testcase classname="testcase.spot.marketData.PublicTradingRecords" name="testRequestTime" time="0.063"/>
  <testcase classname="testcase.spot.marketData.PublicTradingRecords" name="testRequestTime" time="0.062"/>
  <testcase classname="testcase.spot.marketData.PublicTradingRecords" name="testRequestTime" time="0.067"/>
  <testcase classname="testcase.spot.marketData.QuerySymbol" name="testQuerySymbol" time="0.093"/>
  <testcase classname="testcase.spot.marketData.QuerySymbol" name="testQuerySymbol" time="0.085"/>
  <testcase classname="testcase.spot.marketData.QuerySymbol" name="testQuerySymbol" time="0.079"/>
  <testcase classname="testcase.spot.marketData.QuerySymbol" name="testQuerySymbol" time="0.149"/>
  <testcase classname="testcase.spot.marketData.QuerySymbol" name="testQuerySymbol" time="0.095"/>
  <testcase classname="testcase.spot.marketData.QuerySymbol" name="testRequestLog" time="0.069"/>
  <testcase classname="testcase.spot.marketData.QuerySymbol" name="testRequestTime" time="0.064"/>
</testsuite>