<?xml version="1.0" encoding="UTF-8"?>
<!-- Generated by org.testng.reporters.JUnitReportReporter -->
<testsuite hostname="pikjians-MacBook-Air.local" failures="0" tests="7" name="testcase.inverseperpetual.marketData.QuerySymbol" time="0.647" errors="0" timestamp="28 Mar 2022 04:11:28 GMT" skipped="0">
  <testcase classname="testcase.inverseperpetual.marketData.QuerySymbol" name="testQuerySymbol" time="0.081"/>
  <testcase classname="testcase.inverseperpetual.marketData.QuerySymbol" name="testRequestTime" time="0.086"/>
  <testcase classname="testcase.inverseperpetual.marketData.QuerySymbol" name="testRequestLog" time="0.084"/>
  <testcase classname="testcase.inverseperpetual.marketData.QuerySymbol" name="testQuerySymbol" time="0.088"/>
  <testcase classname="testcase.inverseperpetual.marketData.QuerySymbol" name="testQuerySymbol" time="0.107"/>
  <testcase classname="testcase.inverseperpetual.marketData.QuerySymbol" name="testQuerySymbol" time="0.104"/>
  <testcase classname="testcase.inverseperpetual.marketData.QuerySymbol" name="testQuerySymbol" time="0.097"/>
</testsuite> <!-- testcase.inverseperpetual.marketData.QuerySymbol -->
