<?xml version="1.0" encoding="UTF-8"?>
<!-- Generated by org.testng.reporters.JUnitReportReporter -->
<testsuite hostname="pikjians-MacBook-Air.local" failures="0" tests="15" name="testcase.usdtPerpetual.marketData.QueryMarkPriceKline" time="1.089" errors="0" timestamp="28 Mar 2022 04:11:28 GMT" skipped="0">
  <testcase classname="testcase.usdtPerpetual.marketData.QueryMarkPriceKline" name="QueryMarkPriceKline" time="0.084"/>
  <testcase classname="testcase.usdtPerpetual.marketData.QueryMarkPriceKline" name="testRequestTime" time="0.062"/>
  <testcase classname="testcase.usdtPerpetual.marketData.QueryMarkPriceKline" name="QueryMarkPriceKline" time="0.093"/>
  <testcase classname="testcase.usdtPerpetual.marketData.QueryMarkPriceKline" name="testRequestTime" time="0.065"/>
  <testcase classname="testcase.usdtPerpetual.marketData.QueryMarkPriceKline" name="testRequestLog" time="0.061"/>
  <testcase classname="testcase.usdtPerpetual.marketData.QueryMarkPriceKline" name="testRequestLog" time="0.062"/>
  <testcase classname="testcase.usdtPerpetual.marketData.QueryMarkPriceKline" name="testRequestTime" time="0.063"/>
  <testcase classname="testcase.usdtPerpetual.marketData.QueryMarkPriceKline" name="testRequestTime" time="0.061"/>
  <testcase classname="testcase.usdtPerpetual.marketData.QueryMarkPriceKline" name="QueryMarkPriceKline" time="0.090"/>
  <testcase classname="testcase.usdtPerpetual.marketData.QueryMarkPriceKline" name="testRequestLog" time="0.076"/>
  <testcase classname="testcase.usdtPerpetual.marketData.QueryMarkPriceKline" name="testRequestTime" time="0.065"/>
  <testcase classname="testcase.usdtPerpetual.marketData.QueryMarkPriceKline" name="testRequestLog" time="0.065"/>
  <testcase classname="testcase.usdtPerpetual.marketData.QueryMarkPriceKline" name="testRequestLog" time="0.059"/>
  <testcase classname="testcase.usdtPerpetual.marketData.QueryMarkPriceKline" name="QueryMarkPriceKline" time="0.096"/>
  <testcase classname="testcase.usdtPerpetual.marketData.QueryMarkPriceKline" name="QueryMarkPriceKline" time="0.087"/>
</testsuite> <!-- testcase.usdtPerpetual.marketData.QueryMarkPriceKline -->
