<?xml version="1.0" encoding="UTF-8"?>
<!-- Generated by org.testng.reporters.JUnitReportReporter -->
<testsuite hostname="pikjians-MacBook-Air.local" failures="0" tests="15" name="testcase.spot.marketData.BestBidAskPrice" time="1.281" errors="0" timestamp="28 Mar 2022 04:11:28 GMT" skipped="0">
  <testcase classname="testcase.spot.marketData.BestBidAskPrice" name="testRequestLog" time="0.063"/>
  <testcase classname="testcase.spot.marketData.BestBidAskPrice" name="testRequestLog" time="0.090"/>
  <testcase classname="testcase.spot.marketData.BestBidAskPrice" name="testBestBidAskPrice" time="0.084"/>
  <testcase classname="testcase.spot.marketData.BestBidAskPrice" name="testBestBidAskPrice" time="0.071"/>
  <testcase classname="testcase.spot.marketData.BestBidAskPrice" name="testRequestTime" time="0.060"/>
  <testcase classname="testcase.spot.marketData.BestBidAskPrice" name="testRequestTime" time="0.063"/>
  <testcase classname="testcase.spot.marketData.BestBidAskPrice" name="testRequestTime" time="0.057"/>
  <testcase classname="testcase.spot.marketData.BestBidAskPrice" name="testRequestLog" time="0.060"/>
  <testcase classname="testcase.spot.marketData.BestBidAskPrice" name="testRequestLog" time="0.068"/>
  <testcase classname="testcase.spot.marketData.BestBidAskPrice" name="testRequestLog" time="0.066"/>
  <testcase classname="testcase.spot.marketData.BestBidAskPrice" name="testBestBidAskPrice" time="0.130"/>
  <testcase classname="testcase.spot.marketData.BestBidAskPrice" name="testRequestTime" time="0.083"/>
  <testcase classname="testcase.spot.marketData.BestBidAskPrice" name="testBestBidAskPrice" time="0.185"/>
  <testcase classname="testcase.spot.marketData.BestBidAskPrice" name="testBestBidAskPrice" time="0.114"/>
  <testcase classname="testcase.spot.marketData.BestBidAskPrice" name="testRequestTime" time="0.087"/>
</testsuite> <!-- testcase.spot.marketData.BestBidAskPrice -->
