<?xml version="1.0" encoding="UTF-8"?>
<!-- Generated by org.testng.reporters.JUnitReportReporter -->
<testsuite hostname="pikjians-MacBook-Air.local" failures="0" tests="15" name="testcase.spot.marketData.PublicTradingRecords" time="1.035" errors="0" timestamp="28 Mar 2022 04:11:28 GMT" skipped="0">
  <testcase classname="testcase.spot.marketData.PublicTradingRecords" name="testPublicTradingRecords" time="0.093"/>
  <testcase classname="testcase.spot.marketData.PublicTradingRecords" name="testRequestLog" time="0.054"/>
  <testcase classname="testcase.spot.marketData.PublicTradingRecords" name="testRequestLog" time="0.073"/>
  <testcase classname="testcase.spot.marketData.PublicTradingRecords" name="testRequestLog" time="0.061"/>
  <testcase classname="testcase.spot.marketData.PublicTradingRecords" name="testRequestTime" time="0.058"/>
  <testcase classname="testcase.spot.marketData.PublicTradingRecords" name="testPublicTradingRecords" time="0.086"/>
  <testcase classname="testcase.spot.marketData.PublicTradingRecords" name="testRequestLog" time="0.076"/>
  <testcase classname="testcase.spot.marketData.PublicTradingRecords" name="testRequestTime" time="0.063"/>
  <testcase classname="testcase.spot.marketData.PublicTradingRecords" name="testPublicTradingRecords" time="0.077"/>
  <testcase classname="testcase.spot.marketData.PublicTradingRecords" name="testRequestTime" time="0.060"/>
  <testcase classname="testcase.spot.marketData.PublicTradingRecords" name="testPublicTradingRecords" time="0.073"/>
  <testcase classname="testcase.spot.marketData.PublicTradingRecords" name="testRequestLog" time="0.061"/>
  <testcase classname="testcase.spot.marketData.PublicTradingRecords" name="testRequestTime" time="0.066"/>
  <testcase classname="testcase.spot.marketData.PublicTradingRecords" name="testRequestTime" time="0.062"/>
  <testcase classname="testcase.spot.marketData.PublicTradingRecords" name="testPublicTradingRecords" time="0.072"/>
</testsuite> <!-- testcase.spot.marketData.PublicTradingRecords -->
