<?xml version="1.0" encoding="UTF-8"?>
<!-- Generated by org.testng.reporters.JUnitReportReporter -->
<testsuite hostname="pikjians-MacBook-Air.local" failures="0" tests="15" name="testcase.spot.marketData.LastTradedPrice" time="1.018" errors="0" timestamp="28 Mar 2022 04:11:28 GMT" skipped="0">
  <testcase classname="testcase.spot.marketData.LastTradedPrice" name="testRequestTime" time="0.072"/>
  <testcase classname="testcase.spot.marketData.LastTradedPrice" name="testLastTradedPrice" time="0.079"/>
  <testcase classname="testcase.spot.marketData.LastTradedPrice" name="testRequestTime" time="0.068"/>
  <testcase classname="testcase.spot.marketData.LastTradedPrice" name="testRequestLog" time="0.056"/>
  <testcase classname="testcase.spot.marketData.LastTradedPrice" name="testLastTradedPrice" time="0.073"/>
  <testcase classname="testcase.spot.marketData.LastTradedPrice" name="testLastTradedPrice" time="0.076"/>
  <testcase classname="testcase.spot.marketData.LastTradedPrice" name="testRequestTime" time="0.070"/>
  <testcase classname="testcase.spot.marketData.LastTradedPrice" name="testRequestLog" time="0.059"/>
  <testcase classname="testcase.spot.marketData.LastTradedPrice" name="testRequestTime" time="0.065"/>
  <testcase classname="testcase.spot.marketData.LastTradedPrice" name="testRequestLog" time="0.060"/>
  <testcase classname="testcase.spot.marketData.LastTradedPrice" name="testRequestTime" time="0.090"/>
  <testcase classname="testcase.spot.marketData.LastTradedPrice" name="testLastTradedPrice" time="0.062"/>
  <testcase classname="testcase.spot.marketData.LastTradedPrice" name="testRequestLog" time="0.059"/>
  <testcase classname="testcase.spot.marketData.LastTradedPrice" name="testLastTradedPrice" time="0.068"/>
  <testcase classname="testcase.spot.marketData.LastTradedPrice" name="testRequestLog" time="0.061"/>
</testsuite> <!-- testcase.spot.marketData.LastTradedPrice -->
