<?xml version="1.0" encoding="UTF-8"?>
<!-- Generated by org.testng.reporters.JUnitReportReporter -->
<testsuite hostname="pikjians-MacBook-Air.local" failures="0" tests="15" name="testcase.inverseperpetual.marketData.QueryKline" time="1.057" errors="0" timestamp="28 Mar 2022 04:11:28 GMT" skipped="0">
  <testcase classname="testcase.inverseperpetual.marketData.QueryKline" name="testRequestLog" time="0.067"/>
  <testcase classname="testcase.inverseperpetual.marketData.QueryKline" name="testRequestTime" time="0.058"/>
  <testcase classname="testcase.inverseperpetual.marketData.QueryKline" name="testRequestLog" time="0.055"/>
  <testcase classname="testcase.inverseperpetual.marketData.QueryKline" name="testRequestLog" time="0.065"/>
  <testcase classname="testcase.inverseperpetual.marketData.QueryKline" name="testRequestLog" time="0.073"/>
  <testcase classname="testcase.inverseperpetual.marketData.QueryKline" name="testQueryKline" time="0.162"/>
  <testcase classname="testcase.inverseperpetual.marketData.QueryKline" name="testRequestTime" time="0.063"/>
  <testcase classname="testcase.inverseperpetual.marketData.QueryKline" name="testRequestTime" time="0.053"/>
  <testcase classname="testcase.inverseperpetual.marketData.QueryKline" name="testRequestTime" time="0.066"/>
  <testcase classname="testcase.inverseperpetual.marketData.QueryKline" name="testRequestTime" time="0.062"/>
  <testcase classname="testcase.inverseperpetual.marketData.QueryKline" name="testQueryKline" time="0.070"/>
  <testcase classname="testcase.inverseperpetual.marketData.QueryKline" name="testRequestLog" time="0.057"/>
  <testcase classname="testcase.inverseperpetual.marketData.QueryKline" name="testQueryKline" time="0.070"/>
  <testcase classname="testcase.inverseperpetual.marketData.QueryKline" name="testQueryKline" time="0.067"/>
  <testcase classname="testcase.inverseperpetual.marketData.QueryKline" name="testQueryKline" time="0.069"/>
</testsuite> <!-- testcase.inverseperpetual.marketData.QueryKline -->
