<?xml version="1.0" encoding="UTF-8"?>
<!-- Generated by org.testng.reporters.JUnitReportReporter -->
<testsuite hostname="pikjians-MacBook-Air.local" failures="0" tests="15" name="testcase.inverseperpetual.marketData.LatestInformationForSymbol" time="1.009" errors="0" timestamp="28 Mar 2022 04:11:28 GMT" skipped="0">
  <testcase classname="testcase.inverseperpetual.marketData.LatestInformationForSymbol" name="testRequestTime" time="0.054"/>
  <testcase classname="testcase.inverseperpetual.marketData.LatestInformationForSymbol" name="testRequestLog" time="0.057"/>
  <testcase classname="testcase.inverseperpetual.marketData.LatestInformationForSymbol" name="testLatestInformationForSymbol" time="0.076"/>
  <testcase classname="testcase.inverseperpetual.marketData.LatestInformationForSymbol" name="testRequestLog" time="0.085"/>
  <testcase classname="testcase.inverseperpetual.marketData.LatestInformationForSymbol" name="testRequestLog" time="0.069"/>
  <testcase classname="testcase.inverseperpetual.marketData.LatestInformationForSymbol" name="testRequestLog" time="0.061"/>
  <testcase classname="testcase.inverseperpetual.marketData.LatestInformationForSymbol" name="testLatestInformationForSymbol" time="0.099"/>
  <testcase classname="testcase.inverseperpetual.marketData.LatestInformationForSymbol" name="testRequestTime" time="0.052"/>
  <testcase classname="testcase.inverseperpetual.marketData.LatestInformationForSymbol" name="testLatestInformationForSymbol" time="0.069"/>
  <testcase classname="testcase.inverseperpetual.marketData.LatestInformationForSymbol" name="testRequestLog" time="0.060"/>
  <testcase classname="testcase.inverseperpetual.marketData.LatestInformationForSymbol" name="testLatestInformationForSymbol" time="0.088"/>
  <testcase classname="testcase.inverseperpetual.marketData.LatestInformationForSymbol" name="testLatestInformationForSymbol" time="0.069"/>
  <testcase classname="testcase.inverseperpetual.marketData.LatestInformationForSymbol" name="testRequestTime" time="0.055"/>
  <testcase classname="testcase.inverseperpetual.marketData.LatestInformationForSymbol" name="testRequestTime" time="0.059"/>
  <testcase classname="testcase.inverseperpetual.marketData.LatestInformationForSymbol" name="testRequestTime" time="0.056"/>
</testsuite> <!-- testcase.inverseperpetual.marketData.LatestInformationForSymbol -->
