<?xml version="1.0" encoding="UTF-8"?>
<!-- Generated by org.testng.reporters.JUnitReportReporter -->
<testsuite hostname="pikjians-MacBook-Air.local" failures="0" tests="15" name="testcase.spot.marketData.OrderBook" time="0.948" errors="0" timestamp="28 Mar 2022 04:11:28 GMT" skipped="0">
  <testcase classname="testcase.spot.marketData.OrderBook" name="testRequestTime" time="0.064"/>
  <testcase classname="testcase.spot.marketData.OrderBook" name="testRequestLog" time="0.073"/>
  <testcase classname="testcase.spot.marketData.OrderBook" name="testRequestLog" time="0.062"/>
  <testcase classname="testcase.spot.marketData.OrderBook" name="testRequestTime" time="0.057"/>
  <testcase classname="testcase.spot.marketData.OrderBook" name="testOrderBook" time="0.059"/>
  <testcase classname="testcase.spot.marketData.OrderBook" name="testRequestTime" time="0.058"/>
  <testcase classname="testcase.spot.marketData.OrderBook" name="testOrderBook" time="0.064"/>
  <testcase classname="testcase.spot.marketData.OrderBook" name="testOrderBook" time="0.071"/>
  <testcase classname="testcase.spot.marketData.OrderBook" name="testRequestLog" time="0.065"/>
  <testcase classname="testcase.spot.marketData.OrderBook" name="testOrderBook" time="0.058"/>
  <testcase classname="testcase.spot.marketData.OrderBook" name="testRequestLog" time="0.071"/>
  <testcase classname="testcase.spot.marketData.OrderBook" name="testRequestTime" time="0.060"/>
  <testcase classname="testcase.spot.marketData.OrderBook" name="testRequestTime" time="0.062"/>
  <testcase classname="testcase.spot.marketData.OrderBook" name="testRequestLog" time="0.070"/>
  <testcase classname="testcase.spot.marketData.OrderBook" name="testOrderBook" time="0.054"/>
</testsuite> <!-- testcase.spot.marketData.OrderBook -->
