<?xml version="1.0" encoding="UTF-8"?>
<!-- Generated by org.testng.reporters.JUnitReportReporter -->
<testsuite hostname="pikjians-MacBook-Air.local" failures="0" tests="15" name="testcase.inverseperpetual.marketData.PublicTradingRecords" time="0.964" errors="0" timestamp="28 Mar 2022 04:11:28 GMT" skipped="0">
  <testcase classname="testcase.inverseperpetual.marketData.PublicTradingRecords" name="testRequestLog" time="0.054"/>
  <testcase classname="testcase.inverseperpetual.marketData.PublicTradingRecords" name="testRequestTime" time="0.060"/>
  <testcase classname="testcase.inverseperpetual.marketData.PublicTradingRecords" name="testPublicTradingRecords" time="0.066"/>
  <testcase classname="testcase.inverseperpetual.marketData.PublicTradingRecords" name="testPublicTradingRecords" time="0.074"/>
  <testcase classname="testcase.inverseperpetual.marketData.PublicTradingRecords" name="testRequestTime" time="0.053"/>
  <testcase classname="testcase.inverseperpetual.marketData.PublicTradingRecords" name="testRequestTime" time="0.094"/>
  <testcase classname="testcase.inverseperpetual.marketData.PublicTradingRecords" name="testRequestTime" time="0.058"/>
  <testcase classname="testcase.inverseperpetual.marketData.PublicTradingRecords" name="testPublicTradingRecords" time="0.064"/>
  <testcase classname="testcase.inverseperpetual.marketData.PublicTradingRecords" name="testRequestTime" time="0.077"/>
  <testcase classname="testcase.inverseperpetual.marketData.PublicTradingRecords" name="testRequestLog" time="0.052"/>
  <testcase classname="testcase.inverseperpetual.marketData.PublicTradingRecords" name="testPublicTradingRecords" time="0.065"/>
  <testcase classname="testcase.inverseperpetual.marketData.PublicTradingRecords" name="testRequestLog" time="0.055"/>
  <testcase classname="testcase.inverseperpetual.marketData.PublicTradingRecords" name="testPublicTradingRecords" time="0.066"/>
  <testcase classname="testcase.inverseperpetual.marketData.PublicTradingRecords" name="testRequestLog" time="0.067"/>
  <testcase classname="testcase.inverseperpetual.marketData.PublicTradingRecords" name="testRequestLog" time="0.059"/>
</testsuite> <!-- testcase.inverseperpetual.marketData.PublicTradingRecords -->
