<?xml version="1.0" encoding="UTF-8"?>
<!-- Generated by org.testng.reporters.JUnitReportReporter -->
<testsuite hostname="pikjians-MacBook-Air.local" failures="0" tests="15" name="testcase.usdtPerpetual.marketData.GetTheLastFundingRate" time="1.265" errors="0" timestamp="28 Mar 2022 04:11:28 GMT" skipped="0">
  <testcase classname="testcase.usdtPerpetual.marketData.GetTheLastFundingRate" name="testGetTheLastFundingRate" time="0.099"/>
  <testcase classname="testcase.usdtPerpetual.marketData.GetTheLastFundingRate" name="testRequestLog" time="0.077"/>
  <testcase classname="testcase.usdtPerpetual.marketData.GetTheLastFundingRate" name="testRequestLog" time="0.080"/>
  <testcase classname="testcase.usdtPerpetual.marketData.GetTheLastFundingRate" name="testGetTheLastFundingRate" time="0.178"/>
  <testcase classname="testcase.usdtPerpetual.marketData.GetTheLastFundingRate" name="testRequestTime" time="0.069"/>
  <testcase classname="testcase.usdtPerpetual.marketData.GetTheLastFundingRate" name="testGetTheLastFundingRate" time="0.091"/>
  <testcase classname="testcase.usdtPerpetual.marketData.GetTheLastFundingRate" name="testRequestTime" time="0.063"/>
  <testcase classname="testcase.usdtPerpetual.marketData.GetTheLastFundingRate" name="testGetTheLastFundingRate" time="0.083"/>
  <testcase classname="testcase.usdtPerpetual.marketData.GetTheLastFundingRate" name="testRequestLog" time="0.073"/>
  <testcase classname="testcase.usdtPerpetual.marketData.GetTheLastFundingRate" name="testRequestTime" time="0.075"/>
  <testcase classname="testcase.usdtPerpetual.marketData.GetTheLastFundingRate" name="testRequestLog" time="0.069"/>
  <testcase classname="testcase.usdtPerpetual.marketData.GetTheLastFundingRate" name="testRequestTime" time="0.069"/>
  <testcase classname="testcase.usdtPerpetual.marketData.GetTheLastFundingRate" name="testRequestLog" time="0.071"/>
  <testcase classname="testcase.usdtPerpetual.marketData.GetTheLastFundingRate" name="testGetTheLastFundingRate" time="0.093"/>
  <testcase classname="testcase.usdtPerpetual.marketData.GetTheLastFundingRate" name="testRequestTime" time="0.075"/>
</testsuite> <!-- testcase.usdtPerpetual.marketData.GetTheLastFundingRate -->
