<?xml version="1.0" encoding="UTF-8"?>
<!-- Generated by org.testng.reporters.JUnitReportReporter -->
<testsuite hostname="pikjians-MacBook-Air.local" failures="0" tests="15" name="testcase.inverseperpetual.marketData.QueryIndexPriceKline" time="1.110" errors="0" timestamp="28 Mar 2022 04:11:28 GMT" skipped="0">
  <testcase classname="testcase.inverseperpetual.marketData.QueryIndexPriceKline" name="testQueryIndexPriceKline" time="0.101"/>
  <testcase classname="testcase.inverseperpetual.marketData.QueryIndexPriceKline" name="testRequestLog" time="0.060"/>
  <testcase classname="testcase.inverseperpetual.marketData.QueryIndexPriceKline" name="testQueryIndexPriceKline" time="0.068"/>
  <testcase classname="testcase.inverseperpetual.marketData.QueryIndexPriceKline" name="testRequestTime" time="0.064"/>
  <testcase classname="testcase.inverseperpetual.marketData.QueryIndexPriceKline" name="testRequestTime" time="0.061"/>
  <testcase classname="testcase.inverseperpetual.marketData.QueryIndexPriceKline" name="testRequestLog" time="0.068"/>
  <testcase classname="testcase.inverseperpetual.marketData.QueryIndexPriceKline" name="testRequestLog" time="0.066"/>
  <testcase classname="testcase.inverseperpetual.marketData.QueryIndexPriceKline" name="testQueryIndexPriceKline" time="0.103"/>
  <testcase classname="testcase.inverseperpetual.marketData.QueryIndexPriceKline" name="testRequestLog" time="0.065"/>
  <testcase classname="testcase.inverseperpetual.marketData.QueryIndexPriceKline" name="testRequestTime" time="0.067"/>
  <testcase classname="testcase.inverseperpetual.marketData.QueryIndexPriceKline" name="testRequestLog" time="0.068"/>
  <testcase classname="testcase.inverseperpetual.marketData.QueryIndexPriceKline" name="testQueryIndexPriceKline" time="0.082"/>
  <testcase classname="testcase.inverseperpetual.marketData.QueryIndexPriceKline" name="testRequestTime" time="0.057"/>
  <testcase classname="testcase.inverseperpetual.marketData.QueryIndexPriceKline" name="testRequestTime" time="0.080"/>
  <testcase classname="testcase.inverseperpetual.marketData.QueryIndexPriceKline" name="testQueryIndexPriceKline" time="0.100"/>
</testsuite> <!-- testcase.inverseperpetual.marketData.QueryIndexPriceKline -->
