<?xml version="1.0" encoding="UTF-8"?>
<!-- Generated by org.testng.reporters.JUnitReportReporter -->
<testsuite hostname="pikjians-MacBook-Air.local" failures="0" tests="15" name="testcase.usdtPerpetual.marketData.QueryKline" time="1.119" errors="0" timestamp="28 Mar 2022 04:11:28 GMT" skipped="0">
  <testcase classname="testcase.usdtPerpetual.marketData.QueryKline" name="testRequestLog" time="0.066"/>
  <testcase classname="testcase.usdtPerpetual.marketData.QueryKline" name="testRequestLog" time="0.084"/>
  <testcase classname="testcase.usdtPerpetual.marketData.QueryKline" name="testRequestTime" time="0.057"/>
  <testcase classname="testcase.usdtPerpetual.marketData.QueryKline" name="testRequestLog" time="0.064"/>
  <testcase classname="testcase.usdtPerpetual.marketData.QueryKline" name="testRequestTime" time="0.063"/>
  <testcase classname="testcase.usdtPerpetual.marketData.QueryKline" name="testQueryKline" time="0.092"/>
  <testcase classname="testcase.usdtPerpetual.marketData.QueryKline" name="testQueryKline" time="0.099"/>
  <testcase classname="testcase.usdtPerpetual.marketData.QueryKline" name="testRequestLog" time="0.075"/>
  <testcase classname="testcase.usdtPerpetual.marketData.QueryKline" name="testRequestTime" time="0.065"/>
  <testcase classname="testcase.usdtPerpetual.marketData.QueryKline" name="testRequestTime" time="0.065"/>
  <testcase classname="testcase.usdtPerpetual.marketData.QueryKline" name="testQueryKline" time="0.077"/>
  <testcase classname="testcase.usdtPerpetual.marketData.QueryKline" name="testQueryKline" time="0.116"/>
  <testcase classname="testcase.usdtPerpetual.marketData.QueryKline" name="testRequestTime" time="0.055"/>
  <testcase classname="testcase.usdtPerpetual.marketData.QueryKline" name="testQueryKline" time="0.074"/>
  <testcase classname="testcase.usdtPerpetual.marketData.QueryKline" name="testRequestLog" time="0.067"/>
</testsuite> <!-- testcase.usdtPerpetual.marketData.QueryKline -->
