<?xml version="1.0" encoding="UTF-8"?>
<!-- Generated by org.testng.reporters.JUnitReportReporter -->
<testsuite hostname="pikjians-MacBook-Air.local" failures="0" tests="15" name="testcase.usdtPerpetual.marketData.PublicTradingRecords" time="6.007" errors="0" timestamp="28 Mar 2022 04:11:28 GMT" skipped="0">
  <testcase classname="testcase.usdtPerpetual.marketData.PublicTradingRecords" name="testRequestTime" time="0.088"/>
  <testcase classname="testcase.usdtPerpetual.marketData.PublicTradingRecords" name="testPublicTradingRecords" time="0.105"/>
  <testcase classname="testcase.usdtPerpetual.marketData.PublicTradingRecords" name="testRequestLog" time="0.168"/>
  <testcase classname="testcase.usdtPerpetual.marketData.PublicTradingRecords" name="testRequestTime" time="0.188"/>
  <testcase classname="testcase.usdtPerpetual.marketData.PublicTradingRecords" name="testRequestLog" time="0.074"/>
  <testcase classname="testcase.usdtPerpetual.marketData.PublicTradingRecords" name="testPublicTradingRecords" time="4.461"/>
  <testcase classname="testcase.usdtPerpetual.marketData.PublicTradingRecords" name="testRequestTime" time="0.130"/>
  <testcase classname="testcase.usdtPerpetual.marketData.PublicTradingRecords" name="testPublicTradingRecords" time="0.158"/>
  <testcase classname="testcase.usdtPerpetual.marketData.PublicTradingRecords" name="testRequestLog" time="0.075"/>
  <testcase classname="testcase.usdtPerpetual.marketData.PublicTradingRecords" name="testRequestTime" time="0.083"/>
  <testcase classname="testcase.usdtPerpetual.marketData.PublicTradingRecords" name="testRequestTime" time="0.075"/>
  <testcase classname="testcase.usdtPerpetual.marketData.PublicTradingRecords" name="testPublicTradingRecords" time="0.118"/>
  <testcase classname="testcase.usdtPerpetual.marketData.PublicTradingRecords" name="testPublicTradingRecords" time="0.149"/>
  <testcase classname="testcase.usdtPerpetual.marketData.PublicTradingRecords" name="testRequestLog" time="0.069"/>
  <testcase classname="testcase.usdtPerpetual.marketData.PublicTradingRecords" name="testRequestLog" time="0.066"/>
</testsuite> <!-- testcase.usdtPerpetual.marketData.PublicTradingRecords -->
