<?xml version="1.0" encoding="UTF-8"?>
<!-- Generated by org.testng.reporters.JUnitReportReporter -->
<testsuite hostname="pikjians-MacBook-Air.local" failures="0" tests="15" name="testcase.inverseperpetual.marketData.LongShortRatio" time="1.139" errors="0" timestamp="28 Mar 2022 04:11:28 GMT" skipped="0">
  <testcase classname="testcase.inverseperpetual.marketData.LongShortRatio" name="testLatestBigDeal" time="0.068"/>
  <testcase classname="testcase.inverseperpetual.marketData.LongShortRatio" name="testLatestBigDeal" time="0.068"/>
  <testcase classname="testcase.inverseperpetual.marketData.LongShortRatio" name="testRequestLog" time="0.055"/>
  <testcase classname="testcase.inverseperpetual.marketData.LongShortRatio" name="testLatestBigDeal" time="0.084"/>
  <testcase classname="testcase.inverseperpetual.marketData.LongShortRatio" name="testRequestTime" time="0.059"/>
  <testcase classname="testcase.inverseperpetual.marketData.LongShortRatio" name="testLatestBigDeal" time="0.214"/>
  <testcase classname="testcase.inverseperpetual.marketData.LongShortRatio" name="testRequestLog" time="0.065"/>
  <testcase classname="testcase.inverseperpetual.marketData.LongShortRatio" name="testRequestTime" time="0.067"/>
  <testcase classname="testcase.inverseperpetual.marketData.LongShortRatio" name="testRequestLog" time="0.059"/>
  <testcase classname="testcase.inverseperpetual.marketData.LongShortRatio" name="testRequestTime" time="0.061"/>
  <testcase classname="testcase.inverseperpetual.marketData.LongShortRatio" name="testRequestLog" time="0.053"/>
  <testcase classname="testcase.inverseperpetual.marketData.LongShortRatio" name="testRequestLog" time="0.069"/>
  <testcase classname="testcase.inverseperpetual.marketData.LongShortRatio" name="testRequestTime" time="0.074"/>
  <testcase classname="testcase.inverseperpetual.marketData.LongShortRatio" name="testLatestBigDeal" time="0.068"/>
  <testcase classname="testcase.inverseperpetual.marketData.LongShortRatio" name="testRequestTime" time="0.075"/>
</testsuite> <!-- testcase.inverseperpetual.marketData.LongShortRatio -->
