<?xml version="1.0" encoding="UTF-8"?>
<!-- Generated by org.testng.reporters.JUnitReportReporter -->
<testsuite hostname="pikjians-MacBook-Air.local" failures="0" tests="15" name="testcase.spot.marketData.LatestInformationForSymbol" time="0.996" errors="0" timestamp="28 Mar 2022 04:11:28 GMT" skipped="0">
  <testcase classname="testcase.spot.marketData.LatestInformationForSymbol" name="testLatestInformationForSymbol" time="0.090"/>
  <testcase classname="testcase.spot.marketData.LatestInformationForSymbol" name="testRequestLog" time="0.064"/>
  <testcase classname="testcase.spot.marketData.LatestInformationForSymbol" name="testRequestTime" time="0.058"/>
  <testcase classname="testcase.spot.marketData.LatestInformationForSymbol" name="testLatestInformationForSymbol" time="0.069"/>
  <testcase classname="testcase.spot.marketData.LatestInformationForSymbol" name="testRequestTime" time="0.062"/>
  <testcase classname="testcase.spot.marketData.LatestInformationForSymbol" name="testRequestTime" time="0.060"/>
  <testcase classname="testcase.spot.marketData.LatestInformationForSymbol" name="testRequestTime" time="0.058"/>
  <testcase classname="testcase.spot.marketData.LatestInformationForSymbol" name="testRequestTime" time="0.057"/>
  <testcase classname="testcase.spot.marketData.LatestInformationForSymbol" name="testRequestLog" time="0.068"/>
  <testcase classname="testcase.spot.marketData.LatestInformationForSymbol" name="testLatestInformationForSymbol" time="0.079"/>
  <testcase classname="testcase.spot.marketData.LatestInformationForSymbol" name="testRequestLog" time="0.056"/>
  <testcase classname="testcase.spot.marketData.LatestInformationForSymbol" name="testRequestLog" time="0.063"/>
  <testcase classname="testcase.spot.marketData.LatestInformationForSymbol" name="testRequestLog" time="0.057"/>
  <testcase classname="testcase.spot.marketData.LatestInformationForSymbol" name="testLatestInformationForSymbol" time="0.088"/>
  <testcase classname="testcase.spot.marketData.LatestInformationForSymbol" name="testLatestInformationForSymbol" time="0.067"/>
</testsuite> <!-- testcase.spot.marketData.LatestInformationForSymbol -->
