<?xml version="1.0" encoding="UTF-8"?>
<!-- Generated by org.testng.reporters.JUnitReportReporter -->
<testsuite hostname="pikjians-MacBook-Air.local" failures="0" tests="15" name="testcase.usdtPerpetual.marketData.QueryIndexPriceKline" time="1.115" errors="0" timestamp="28 Mar 2022 04:11:28 GMT" skipped="0">
  <testcase classname="testcase.usdtPerpetual.marketData.QueryIndexPriceKline" name="testRequestLog" time="0.086"/>
  <testcase classname="testcase.usdtPerpetual.marketData.QueryIndexPriceKline" name="testRequestLog" time="0.060"/>
  <testcase classname="testcase.usdtPerpetual.marketData.QueryIndexPriceKline" name="testRequestTime" time="0.063"/>
  <testcase classname="testcase.usdtPerpetual.marketData.QueryIndexPriceKline" name="testRequestLog" time="0.065"/>
  <testcase classname="testcase.usdtPerpetual.marketData.QueryIndexPriceKline" name="testQueryIndexPriceKline" time="0.083"/>
  <testcase classname="testcase.usdtPerpetual.marketData.QueryIndexPriceKline" name="testRequestTime" time="0.060"/>
  <testcase classname="testcase.usdtPerpetual.marketData.QueryIndexPriceKline" name="testQueryIndexPriceKline" time="0.107"/>
  <testcase classname="testcase.usdtPerpetual.marketData.QueryIndexPriceKline" name="testRequestLog" time="0.083"/>
  <testcase classname="testcase.usdtPerpetual.marketData.QueryIndexPriceKline" name="testRequestLog" time="0.070"/>
  <testcase classname="testcase.usdtPerpetual.marketData.QueryIndexPriceKline" name="testQueryIndexPriceKline" time="0.066"/>
  <testcase classname="testcase.usdtPerpetual.marketData.QueryIndexPriceKline" name="testRequestTime" time="0.088"/>
  <testcase classname="testcase.usdtPerpetual.marketData.QueryIndexPriceKline" name="testRequestTime" time="0.059"/>
  <testcase classname="testcase.usdtPerpetual.marketData.QueryIndexPriceKline" name="testRequestTime" time="0.059"/>
  <testcase classname="testcase.usdtPerpetual.marketData.QueryIndexPriceKline" name="testQueryIndexPriceKline" time="0.086"/>
  <testcase classname="testcase.usdtPerpetual.marketData.QueryIndexPriceKline" name="testQueryIndexPriceKline" time="0.080"/>
</testsuite> <!-- testcase.usdtPerpetual.marketData.QueryIndexPriceKline -->
