<?xml version="1.0" encoding="UTF-8"?>
<!-- Generated by org.testng.reporters.JUnitReportReporter -->
<testsuite hostname="pikjians-MacBook-Air.local" failures="0" tests="7" name="testcase.spot.marketData.QuerySymbol" time="0.633" errors="0" timestamp="28 Mar 2022 04:11:28 GMT" skipped="0">
  <testcase classname="testcase.spot.marketData.QuerySymbol" name="testRequestLog" time="0.067"/>
  <testcase classname="testcase.spot.marketData.QuerySymbol" name="testQuerySymbol" time="0.085"/>
  <testcase classname="testcase.spot.marketData.QuerySymbol" name="testQuerySymbol" time="0.096"/>
  <testcase classname="testcase.spot.marketData.QuerySymbol" name="testQuerySymbol" time="0.148"/>
  <testcase classname="testcase.spot.marketData.QuerySymbol" name="testQuerySymbol" time="0.079"/>
  <testcase classname="testcase.spot.marketData.QuerySymbol" name="testQuerySymbol" time="0.093"/>
  <testcase classname="testcase.spot.marketData.QuerySymbol" name="testRequestTime" time="0.065"/>
</testsuite> <!-- testcase.spot.marketData.QuerySymbol -->
