<?xml version="1.0" encoding="UTF-8"?>
<!-- Generated by org.testng.reporters.JUnitReportReporter -->
<testsuite hostname="pikjians-MacBook-Air.local" failures="0" tests="15" name="testcase.inverseperpetual.marketData.OrderBook" time="1.056" errors="0" timestamp="28 Mar 2022 04:11:28 GMT" skipped="0">
  <testcase classname="testcase.inverseperpetual.marketData.OrderBook" name="testRequestTime" time="0.055"/>
  <testcase classname="testcase.inverseperpetual.marketData.OrderBook" name="testOrderBook" time="0.080"/>
  <testcase classname="testcase.inverseperpetual.marketData.OrderBook" name="testOrderBook" time="0.073"/>
  <testcase classname="testcase.inverseperpetual.marketData.OrderBook" name="testRequestTime" time="0.055"/>
  <testcase classname="testcase.inverseperpetual.marketData.OrderBook" name="testOrderBook" time="0.077"/>
  <testcase classname="testcase.inverseperpetual.marketData.OrderBook" name="testRequestLog" time="0.064"/>
  <testcase classname="testcase.inverseperpetual.marketData.OrderBook" name="testRequestLog" time="0.064"/>
  <testcase classname="testcase.inverseperpetual.marketData.OrderBook" name="testRequestTime" time="0.060"/>
  <testcase classname="testcase.inverseperpetual.marketData.OrderBook" name="testRequestTime" time="0.062"/>
  <testcase classname="testcase.inverseperpetual.marketData.OrderBook" name="testRequestLog" time="0.111"/>
  <testcase classname="testcase.inverseperpetual.marketData.OrderBook" name="testRequestLog" time="0.062"/>
  <testcase classname="testcase.inverseperpetual.marketData.OrderBook" name="testRequestTime" time="0.071"/>
  <testcase classname="testcase.inverseperpetual.marketData.OrderBook" name="testOrderBook" time="0.075"/>
  <testcase classname="testcase.inverseperpetual.marketData.OrderBook" name="testOrderBook" time="0.062"/>
  <testcase classname="testcase.inverseperpetual.marketData.OrderBook" name="testRequestLog" time="0.085"/>
</testsuite> <!-- testcase.inverseperpetual.marketData.OrderBook -->
