<?xml version="1.0" encoding="UTF-8"?>
<!-- Generated by org.testng.reporters.JUnitReportReporter -->
<testsuite hostname="pikjians-MacBook-Air.local" failures="0" tests="15" name="testcase.spot.marketData.MergedOrderBook" time="1.042" errors="0" timestamp="28 Mar 2022 04:11:28 GMT" skipped="0">
  <testcase classname="testcase.spot.marketData.MergedOrderBook" name="testRequestLog" time="0.065"/>
  <testcase classname="testcase.spot.marketData.MergedOrderBook" name="testRequestLog" time="0.066"/>
  <testcase classname="testcase.spot.marketData.MergedOrderBook" name="testRequestLog" time="0.063"/>
  <testcase classname="testcase.spot.marketData.MergedOrderBook" name="testRequestTime" time="0.111"/>
  <testcase classname="testcase.spot.marketData.MergedOrderBook" name="testMergedOrderBook" time="0.058"/>
  <testcase classname="testcase.spot.marketData.MergedOrderBook" name="testMergedOrderBook" time="0.066"/>
  <testcase classname="testcase.spot.marketData.MergedOrderBook" name="testMergedOrderBook" time="0.058"/>
  <testcase classname="testcase.spot.marketData.MergedOrderBook" name="testRequestTime" time="0.076"/>
  <testcase classname="testcase.spot.marketData.MergedOrderBook" name="testRequestLog" time="0.086"/>
  <testcase classname="testcase.spot.marketData.MergedOrderBook" name="testRequestTime" time="0.067"/>
  <testcase classname="testcase.spot.marketData.MergedOrderBook" name="testRequestTime" time="0.062"/>
  <testcase classname="testcase.spot.marketData.MergedOrderBook" name="testRequestLog" time="0.064"/>
  <testcase classname="testcase.spot.marketData.MergedOrderBook" name="testMergedOrderBook" time="0.067"/>
  <testcase classname="testcase.spot.marketData.MergedOrderBook" name="testMergedOrderBook" time="0.068"/>
  <testcase classname="testcase.spot.marketData.MergedOrderBook" name="testRequestTime" time="0.065"/>
</testsuite> <!-- testcase.spot.marketData.MergedOrderBook -->
