<?xml version="1.0" encoding="UTF-8"?>
<!-- Generated by org.testng.reporters.JUnitReportReporter -->
<testsuite hostname="pikjians-MacBook-Air.local" failures="0" tests="15" name="testcase.inverseperpetual.marketData.QueryMarkPriceKline" time="1.069" errors="0" timestamp="28 Mar 2022 04:11:28 GMT" skipped="0">
  <testcase classname="testcase.inverseperpetual.marketData.QueryMarkPriceKline" name="testRequestTime" time="0.074"/>
  <testcase classname="testcase.inverseperpetual.marketData.QueryMarkPriceKline" name="testRequestTime" time="0.066"/>
  <testcase classname="testcase.inverseperpetual.marketData.QueryMarkPriceKline" name="testQueryMarkPriceKline" time="0.064"/>
  <testcase classname="testcase.inverseperpetual.marketData.QueryMarkPriceKline" name="testRequestLog" time="0.054"/>
  <testcase classname="testcase.inverseperpetual.marketData.QueryMarkPriceKline" name="testRequestLog" time="0.050"/>
  <testcase classname="testcase.inverseperpetual.marketData.QueryMarkPriceKline" name="testRequestTime" time="0.059"/>
  <testcase classname="testcase.inverseperpetual.marketData.QueryMarkPriceKline" name="testRequestLog" time="0.055"/>
  <testcase classname="testcase.inverseperpetual.marketData.QueryMarkPriceKline" name="testQueryMarkPriceKline" time="0.073"/>
  <testcase classname="testcase.inverseperpetual.marketData.QueryMarkPriceKline" name="testQueryMarkPriceKline" time="0.074"/>
  <testcase classname="testcase.inverseperpetual.marketData.QueryMarkPriceKline" name="testQueryMarkPriceKline" time="0.094"/>
  <testcase classname="testcase.inverseperpetual.marketData.QueryMarkPriceKline" name="testRequestTime" time="0.078"/>
  <testcase classname="testcase.inverseperpetual.marketData.QueryMarkPriceKline" name="testRequestLog" time="0.058"/>
  <testcase classname="testcase.inverseperpetual.marketData.QueryMarkPriceKline" name="testQueryMarkPriceKline" time="0.118"/>
  <testcase classname="testcase.inverseperpetual.marketData.QueryMarkPriceKline" name="testRequestTime" time="0.084"/>
  <testcase classname="testcase.inverseperpetual.marketData.QueryMarkPriceKline" name="testRequestLog" time="0.068"/>
</testsuite> <!-- testcase.inverseperpetual.marketData.QueryMarkPriceKline -->
